c:\users\saura\onedrive\desktop\github_projects\lifengine\lifengine\vendor\glfw\bin\release-windows-x86_64\glfw\glfw.pdb
c:\users\saura\onedrive\desktop\github_projects\lifengine\lifengine\vendor\glfw\bin-int\release-windows-x86_64\glfw\window.obj
c:\users\saura\onedrive\desktop\github_projects\lifengine\lifengine\vendor\glfw\bin-int\release-windows-x86_64\glfw\win32_window.obj
c:\users\saura\onedrive\desktop\github_projects\lifengine\lifengine\vendor\glfw\bin-int\release-windows-x86_64\glfw\win32_time.obj
c:\users\saura\onedrive\desktop\github_projects\lifengine\lifengine\vendor\glfw\bin-int\release-windows-x86_64\glfw\win32_thread.obj
c:\users\saura\onedrive\desktop\github_projects\lifengine\lifengine\vendor\glfw\bin-int\release-windows-x86_64\glfw\win32_monitor.obj
c:\users\saura\onedrive\desktop\github_projects\lifengine\lifengine\vendor\glfw\bin-int\release-windows-x86_64\glfw\win32_module.obj
c:\users\saura\onedrive\desktop\github_projects\lifengine\lifengine\vendor\glfw\bin-int\release-windows-x86_64\glfw\win32_joystick.obj
c:\users\saura\onedrive\desktop\github_projects\lifengine\lifengine\vendor\glfw\bin-int\release-windows-x86_64\glfw\win32_init.obj
c:\users\saura\onedrive\desktop\github_projects\lifengine\lifengine\vendor\glfw\bin-int\release-windows-x86_64\glfw\wgl_context.obj
c:\users\saura\onedrive\desktop\github_projects\lifengine\lifengine\vendor\glfw\bin-int\release-windows-x86_64\glfw\vulkan.obj
c:\users\saura\onedrive\desktop\github_projects\lifengine\lifengine\vendor\glfw\bin-int\release-windows-x86_64\glfw\platform.obj
c:\users\saura\onedrive\desktop\github_projects\lifengine\lifengine\vendor\glfw\bin-int\release-windows-x86_64\glfw\osmesa_context.obj
c:\users\saura\onedrive\desktop\github_projects\lifengine\lifengine\vendor\glfw\bin-int\release-windows-x86_64\glfw\monitor.obj
c:\users\saura\onedrive\desktop\github_projects\lifengine\lifengine\vendor\glfw\bin-int\release-windows-x86_64\glfw\input.obj
c:\users\saura\onedrive\desktop\github_projects\lifengine\lifengine\vendor\glfw\bin-int\release-windows-x86_64\glfw\init.obj
c:\users\saura\onedrive\desktop\github_projects\lifengine\lifengine\vendor\glfw\bin-int\release-windows-x86_64\glfw\egl_context.obj
c:\users\saura\onedrive\desktop\github_projects\lifengine\lifengine\vendor\glfw\bin-int\release-windows-x86_64\glfw\context.obj
c:\users\saura\onedrive\desktop\github_projects\lifengine\lifengine\vendor\glfw\bin-int\release-windows-x86_64\glfw\null_window.obj
c:\users\saura\onedrive\desktop\github_projects\lifengine\lifengine\vendor\glfw\bin\release-windows-x86_64\glfw\glfw.lib
c:\users\saura\onedrive\desktop\github_projects\lifengine\lifengine\vendor\glfw\bin-int\release-windows-x86_64\glfw\glfw.vcxproj.filelistabsolute.txt
c:\users\saura\onedrive\desktop\github_projects\lifengine\lifengine\vendor\glfw\bin-int\release-windows-x86_64\glfw\glfw.tlog\cl.command.1.tlog
c:\users\saura\onedrive\desktop\github_projects\lifengine\lifengine\vendor\glfw\bin-int\release-windows-x86_64\glfw\glfw.tlog\cl.items.tlog
c:\users\saura\onedrive\desktop\github_projects\lifengine\lifengine\vendor\glfw\bin-int\release-windows-x86_64\glfw\glfw.tlog\cl.read.1.tlog
c:\users\saura\onedrive\desktop\github_projects\lifengine\lifengine\vendor\glfw\bin-int\release-windows-x86_64\glfw\glfw.tlog\cl.write.1.tlog
c:\users\saura\onedrive\desktop\github_projects\lifengine\lifengine\vendor\glfw\bin-int\release-windows-x86_64\glfw\glfw.tlog\lib-link.read.1.tlog
c:\users\saura\onedrive\desktop\github_projects\lifengine\lifengine\vendor\glfw\bin-int\release-windows-x86_64\glfw\glfw.tlog\lib-link.write.1.tlog
c:\users\saura\onedrive\desktop\github_projects\lifengine\lifengine\vendor\glfw\bin-int\release-windows-x86_64\glfw\glfw.tlog\lib.command.1.tlog
